<?xml version="1.0" encoding="UTF-8"?>
<?xml-stylesheet href="default.xsl" type="text/xsl" ?>
<cgi>
	<content>
		<redirect link="login.xml" force="1">Далее ...</redirect>
	</content>
</cgi>