<?xml version="1.0" encoding="UTF-8"?>
<?xml-stylesheet href="default.xsl" type="text/xsl" ?>
<cgi>
	<content>
		<title><text>Переход</text></title>
		<redirect link="login.xml"><text>Далее ...</text></redirect>
	<!-- </content> -->
</cgi>