<?xml version="1.0" encoding="UTF-8"?>
<?xml-stylesheet href="default.xsl" type="text/xsl" ?>
<cgi>
	<content>
		<redirect link="login.xml"><text>Далее ...</text></redirect>
	</content>
	<content>
		<form link="test-cgi-1.xml">
			<title><text>Вход в интерфейс управления</text></title>
			<input type="text" name="user">
				<title><text>Логин</text></title>
			</input>
			<input type="password" name="password">
				<title><text>Пароль</text></title>
			</input>
			<input type="submit">
				<title><text>Вход</text></title>
			</input>
		</form>
	</content>
</cgi>