<?xml version="1.0" encoding="UTF-8"?>
<?xml-stylesheet href="default.xsl" type="text/xsl" ?>
<cgi>
	<content>
		<title><text>Результат запроса</text></title>
		<section><text>
			Тестовое сообщение
		</text></section>
	</content>
</cgi>