<?xml version="1.0" encoding="UTF-8"?>
<?xml-stylesheet href="default.xsl" type="text/xsl" ?>
<cgi>
	<content>
		<redirect link="login.xml">Далее ...</redirect>
	</content>
	<content>
		<form link="test-cgi-1.xml">
			<title>Вход в интерфейс управления</title>
			<input type="text" name="user">
				<title>Логин</title>
			</input>
			<input type="password" name="password">
				<title>Пароль</title>
			</input>
			<input type="submit">
				<title>Вход</title>
			</input>
		</form>
	</content>
</cgi>